2017-04-14 14:51:30,977 - reportsLog - INFO - Testing STAAR documents for district BrownsvilleISD production..
2017-04-14 14:51:42,178 - reportsLog - INFO - Login successfully..
2017-04-14 14:53:40,721 - reportsLog - INFO - Testing STAAR documents for district BrownsvilleISD production..
2017-04-14 14:53:51,906 - reportsLog - INFO - Login successfully..
2017-04-14 14:56:01,718 - reportsLog - INFO - Testing STAAR documents for district BrownsvilleISD production..
2017-04-14 14:56:11,320 - reportsLog - INFO - Login successfully..
2017-04-14 14:57:48,594 - reportsLog - INFO - Testing STAAR documents for district BrownsvilleISD production..
2017-04-14 14:57:58,535 - reportsLog - INFO - Login successfully..
2017-04-14 15:02:58,876 - reportsLog - INFO - Testing STAAR documents for district BrownsvilleISD production..
2017-04-14 15:03:08,086 - reportsLog - INFO - Login successfully..
2017-04-14 15:06:09,438 - reportsLog - INFO - Testing STAAR documents for district BrownsvilleISD production..
2017-04-14 15:06:17,386 - reportsLog - INFO - Login successfully..
2017-04-14 15:19:20,746 - reportsLog - INFO - Testing STAAR documents for district BrownsvilleISD production..
2017-04-14 15:19:27,816 - reportsLog - INFO - Login successfully..
2017-04-14 15:26:16,571 - reportsLog - INFO - Testing STAAR documents for district BrownsvilleISD production..
2017-04-14 15:26:22,170 - reportsLog - INFO - Login successfully..
2017-04-14 15:31:05,811 - reportsLog - INFO - Testing STAAR documents for district BrownsvilleISD production..
2017-04-14 15:31:06,828 - reportsLog - INFO - Login successfully..
2017-04-14 15:34:35,688 - reportsLog - INFO - Testing STAAR documents for district BrownsvilleISD production..
2017-04-14 15:34:44,047 - reportsLog - INFO - Login successfully..
2017-04-14 15:36:53,770 - reportsLog - INFO - Testing STAAR documents for district BrownsvilleISD production..
2017-04-14 15:36:59,032 - reportsLog - INFO - Login successfully..
2017-04-14 15:46:57,936 - reportsLog - INFO - Testing STAAR documents for district BrownsvilleISD production..
2017-04-14 15:46:58,463 - reportsLog - INFO - Login successfully..
2017-04-14 15:51:39,123 - reportsLog - INFO - Testing STAAR documents for district BrownsvilleISD production..
2017-04-14 15:51:48,084 - reportsLog - INFO - Login successfully..
2017-04-14 20:57:02,462 - reportsLog - INFO - Testing STAAR documents for district BrownsvilleISD production..
2017-04-14 20:57:16,687 - reportsLog - INFO - Login successfully..
2017-04-17 12:14:30,004 - reportsLog - INFO - Testing STAAR documents for district BrownsvilleISD production..
2017-04-17 12:15:05,367 - reportsLog - INFO - Login successfully..
2017-04-17 12:25:51,608 - reportsLog - INFO - Testing STAAR documents for district BrownsvilleISD production..
2017-04-17 12:25:57,538 - reportsLog - INFO - Login successfully..
2017-04-17 12:34:45,269 - reportsLog - INFO - Testing STAAR documents for district BrownsvilleISD production..
2017-04-17 12:34:51,296 - reportsLog - INFO - Login successfully..
2017-04-17 12:40:24,185 - reportsLog - INFO - Testing STAAR documents for district BrownsvilleISD production..
2017-04-17 12:40:29,548 - reportsLog - INFO - Login successfully..
2017-04-17 12:54:28,012 - reportsLog - INFO - Testing STAAR documents for district BrownsvilleISD production..
2017-04-17 12:54:35,467 - reportsLog - INFO - Login successfully..
2017-04-17 12:59:11,725 - reportsLog - INFO - Testing STAAR documents for district BrownsvilleISD production..
2017-04-17 12:59:12,225 - reportsLog - INFO - Login successfully..
2017-04-17 13:24:42,434 - reportsLog - INFO - Testing STAAR documents for district BrownsvilleISD production..
2017-04-17 13:24:50,474 - reportsLog - INFO - Login successfully..
2017-05-12 17:47:32,473 - reportsLog - INFO - Testing STAAR documents for district BrownsvilleISD production..
2017-05-12 17:47:45,434 - reportsLog - INFO - Login successfully..
2017-05-15 17:50:02,588 - reportsLog - INFO - Testing STAAR documents for district BrownsvilleISD production..
2017-05-15 17:50:21,446 - reportsLog - INFO - Login successfully..
2017-06-23 16:38:16,081 - Sanity_Test - INFO - ---------------------Sanity Test-------------------------
2017-06-23 16:38:16,082 - Sanity_Test - INFO - Trends Application launched successfully..
2017-06-23 16:38:16,101 - Sanity_Test - INFO - -----------------------Sanity test : TX_HarlingenCISD--------------------------- 
2017-06-23 16:38:31,951 - Sanity_Test - INFO - Login successful...
2017-06-23 16:38:31,961 - Sanity_Test - INFO - ----------Kentro tab-------------
2017-07-04 13:32:03,586 - Sanity_Test - INFO - ---------------------Sanity Test-------------------------
2017-07-04 13:32:03,587 - Sanity_Test - INFO - Trends Application launched successfully..
2017-07-04 13:32:03,610 - Sanity_Test - INFO - -----------------------Sanity test : TX_HarlingenCISD--------------------------- 
2017-07-04 13:32:09,463 - Sanity_Test - INFO - Login successful...
2017-07-04 13:32:09,476 - Sanity_Test - INFO - ----------Kentro tab-------------
2017-07-04 13:41:36,574 - Sanity_Test - INFO - ---------------------Sanity Test-------------------------
2017-07-04 13:41:36,577 - Sanity_Test - INFO - Trends Application launched successfully..
2017-07-04 13:41:36,600 - Sanity_Test - INFO - -----------------------Sanity test : TX_HarlingenCISD--------------------------- 
2017-07-04 13:41:47,262 - Sanity_Test - INFO - Login successful...
2017-07-04 13:41:47,292 - Sanity_Test - INFO - ----------Kentro tab-------------
2017-11-17 17:50:48,660 - Sanity_Test - INFO - ---------------------Sanity Test-------------------------
2017-11-17 17:50:48,661 - Sanity_Test - INFO - Trends Application launched successfully..
2017-11-17 17:50:48,708 - Sanity_Test - INFO - -----------------------Sanity test : TX_HarlingenCISD--------------------------- 
2017-11-17 17:50:49,356 - Sanity_Test - INFO - ----------Kentro tab-------------
2017-11-17 17:51:41,761 - Sanity_Test - INFO - ---------------------Sanity Test-------------------------
2017-11-17 17:51:41,762 - Sanity_Test - INFO - Trends Application launched successfully..
2017-11-17 17:51:41,819 - Sanity_Test - INFO - -----------------------Sanity test : TX_HarlingenCISD--------------------------- 
2017-11-17 17:51:42,312 - Sanity_Test - INFO - ----------Kentro tab-------------
2017-11-17 17:53:29,519 - Sanity_Test - INFO - ---------------------Sanity Test-------------------------
2017-11-17 17:53:29,520 - Sanity_Test - INFO - Trends Application launched successfully..
2017-11-17 17:53:29,550 - Sanity_Test - INFO - -----------------------Sanity test : TX_HarlingenCISD--------------------------- 
2017-11-17 17:53:29,723 - Sanity_Test - INFO - ----------Kentro tab-------------
